[2.006s] DEBUG:colcon:Command line arguments: ['/usr/bin/colcon', 'build', '--symlink-install']
[2.007s] DEBUG:colcon:Parsed command line arguments: Namespace(log_base=None, log_level=None, verb_name='build', build_base='build', install_base='install', merge_install=False, symlink_install=True, test_result_base=None, continue_on_error=False, executor='parallel', parallel_workers=4, event_handlers=None, ignore_user_meta=False, metas=['./colcon.meta'], base_paths=['.'], packages_ignore=None, packages_ignore_regex=None, paths=None, packages_up_to=None, packages_up_to_regex=None, packages_above=None, packages_above_and_dependencies=None, packages_above_depth=None, packages_select_by_dep=None, packages_skip_by_dep=None, packages_skip_up_to=None, packages_select_build_failed=False, packages_skip_build_finished=False, packages_select_test_failures=False, packages_skip_test_passed=False, packages_select=None, packages_skip=None, packages_select_regex=None, packages_skip_regex=None, packages_start=None, packages_end=None, allow_overriding=[], cmake_args=None, cmake_target=None, cmake_target_skip_unavailable=False, cmake_clean_cache=False, cmake_clean_first=False, cmake_force_configure=False, meson_args=[], ament_cmake_args=None, catkin_cmake_args=None, catkin_skip_building_tests=False, mixin_files=None, mixin=None, verb_parser=<colcon_mixin.mixin.mixin_argument.MixinArgumentDecorator object at 0xffff9e269d00>, verb_extension=<colcon_core.verb.build.BuildVerb object at 0xffff9e269970>, main=<bound method BuildVerb.main of <colcon_core.verb.build.BuildVerb object at 0xffff9e269970>>, mixin_verb=('build',))
[2.178s] Level 1:colcon.colcon_core.package_discovery:discover_packages(colcon_meta) check parameters
[2.178s] Level 1:colcon.colcon_core.package_discovery:discover_packages(recursive) check parameters
[2.178s] Level 1:colcon.colcon_core.package_discovery:discover_packages(ignore) check parameters
[2.178s] Level 1:colcon.colcon_core.package_discovery:discover_packages(path) check parameters
[2.178s] Level 1:colcon.colcon_core.package_discovery:discover_packages(colcon_meta) discover
[2.178s] Level 1:colcon.colcon_core.package_discovery:discover_packages(recursive) discover
[2.178s] INFO:colcon.colcon_core.package_discovery:Crawling recursively for packages in '/home/pi/ros2_ws/src/sens_car_esp'
[2.179s] Level 1:colcon.colcon_core.package_identification:_identify(.) by extensions ['ignore', 'ignore_ament_install']
[2.179s] Level 1:colcon.colcon_core.package_identification:_identify(.) by extension 'ignore'
[2.179s] Level 1:colcon.colcon_core.package_identification:_identify(.) by extension 'ignore_ament_install'
[2.179s] Level 1:colcon.colcon_core.package_identification:_identify(.) by extensions ['colcon_pkg']
[2.179s] Level 1:colcon.colcon_core.package_identification:_identify(.) by extension 'colcon_pkg'
[2.179s] Level 1:colcon.colcon_core.package_identification:_identify(.) by extensions ['colcon_meta']
[2.179s] Level 1:colcon.colcon_core.package_identification:_identify(.) by extension 'colcon_meta'
[2.179s] Level 1:colcon.colcon_core.package_identification:_identify(.) by extensions ['ros']
[2.179s] Level 1:colcon.colcon_core.package_identification:_identify(.) by extension 'ros'
[2.284s] DEBUG:colcon.colcon_core.package_identification:Package '.' with type 'ros.ament_python' and name 'sens_car_esp'
[2.284s] Level 1:colcon.colcon_core.package_discovery:discover_packages(recursive) using defaults
[2.285s] Level 1:colcon.colcon_core.package_discovery:discover_packages(ignore) discover
[2.285s] Level 1:colcon.colcon_core.package_discovery:discover_packages(ignore) using defaults
[2.285s] Level 1:colcon.colcon_core.package_discovery:discover_packages(path) discover
[2.285s] Level 1:colcon.colcon_core.package_discovery:discover_packages(path) using defaults
[2.322s] Level 1:colcon.colcon_core.package_discovery:discover_packages(prefix_path) check parameters
[2.322s] Level 1:colcon.colcon_core.package_discovery:discover_packages(prefix_path) discover
[2.330s] DEBUG:colcon.colcon_installed_package_information.package_discovery:Found 340 installed packages in /opt/ros/jazzy
[2.334s] Level 1:colcon.colcon_core.package_discovery:discover_packages(prefix_path) using defaults
[2.417s] Level 5:colcon.colcon_core.verb:set package 'sens_car_esp' build argument 'cmake_args' from command line to 'None'
[2.417s] Level 5:colcon.colcon_core.verb:set package 'sens_car_esp' build argument 'cmake_target' from command line to 'None'
[2.417s] Level 5:colcon.colcon_core.verb:set package 'sens_car_esp' build argument 'cmake_target_skip_unavailable' from command line to 'False'
[2.417s] Level 5:colcon.colcon_core.verb:set package 'sens_car_esp' build argument 'cmake_clean_cache' from command line to 'False'
[2.417s] Level 5:colcon.colcon_core.verb:set package 'sens_car_esp' build argument 'cmake_clean_first' from command line to 'False'
[2.417s] Level 5:colcon.colcon_core.verb:set package 'sens_car_esp' build argument 'cmake_force_configure' from command line to 'False'
[2.417s] Level 5:colcon.colcon_core.verb:set package 'sens_car_esp' build argument 'meson_args' from command line to '[]'
[2.417s] Level 5:colcon.colcon_core.verb:set package 'sens_car_esp' build argument 'ament_cmake_args' from command line to 'None'
[2.417s] Level 5:colcon.colcon_core.verb:set package 'sens_car_esp' build argument 'catkin_cmake_args' from command line to 'None'
[2.417s] Level 5:colcon.colcon_core.verb:set package 'sens_car_esp' build argument 'catkin_skip_building_tests' from command line to 'False'
[2.417s] DEBUG:colcon.colcon_core.verb:Building package 'sens_car_esp' with the following arguments: {'ament_cmake_args': None, 'build_base': '/home/pi/ros2_ws/src/sens_car_esp/build/sens_car_esp', 'catkin_cmake_args': None, 'catkin_skip_building_tests': False, 'cmake_args': None, 'cmake_clean_cache': False, 'cmake_clean_first': False, 'cmake_force_configure': False, 'cmake_target': None, 'cmake_target_skip_unavailable': False, 'install_base': '/home/pi/ros2_ws/src/sens_car_esp/install/sens_car_esp', 'merge_install': False, 'meson_args': [], 'path': '/home/pi/ros2_ws/src/sens_car_esp', 'symlink_install': True, 'test_result_base': None}
[2.417s] INFO:colcon.colcon_core.executor:Executing jobs using 'parallel' executor
[2.418s] DEBUG:colcon.colcon_parallel_executor.executor.parallel:run_until_complete
[2.419s] INFO:colcon.colcon_ros.task.ament_python.build:Building ROS package in '/home/pi/ros2_ws/src/sens_car_esp' with build type 'ament_python'
[2.419s] Level 1:colcon.colcon_core.shell:create_environment_hook('sens_car_esp', 'ament_prefix_path')
[2.457s] INFO:colcon.colcon_core.plugin_system:Skipping extension 'colcon_core.shell.bat': Not used on non-Windows systems
[2.457s] INFO:colcon.colcon_core.shell:Creating environment hook '/home/pi/ros2_ws/src/sens_car_esp/install/sens_car_esp/share/sens_car_esp/hook/ament_prefix_path.ps1'
[2.463s] INFO:colcon.colcon_core.shell:Creating environment descriptor '/home/pi/ros2_ws/src/sens_car_esp/install/sens_car_esp/share/sens_car_esp/hook/ament_prefix_path.dsv'
[2.476s] INFO:colcon.colcon_core.shell:Creating environment hook '/home/pi/ros2_ws/src/sens_car_esp/install/sens_car_esp/share/sens_car_esp/hook/ament_prefix_path.sh'
[2.489s] INFO:colcon.colcon_core.shell:Skip shell extension 'powershell' for command environment: Not usable outside of PowerShell
[2.489s] DEBUG:colcon.colcon_core.shell:Skip shell extension 'dsv' for command environment
[2.885s] INFO:colcon.colcon_core.task.python.build:Building Python package in '/home/pi/ros2_ws/src/sens_car_esp'
[2.885s] INFO:colcon.colcon_core.shell:Skip shell extension 'powershell' for command environment: Not usable outside of PowerShell
[2.885s] DEBUG:colcon.colcon_core.shell:Skip shell extension 'dsv' for command environment
[4.838s] DEBUG:colcon.colcon_core.event_handler.log_command:Invoking command in '/home/pi/ros2_ws/src/sens_car_esp/build/sens_car_esp': DEBUGINFOD_URLS=https://debuginfod.ubuntu.com PYTHONPATH=/home/pi/ros2_ws/src/sens_car_esp/build/sens_car_esp/prefix_override:/usr/lib/python3/dist-packages/colcon_core/task/python/colcon_distutils_commands:/home/pi/ros2_ws/src/sens_car_esp/install/sens_car_esp/lib/python3.12/site-packages:${PYTHONPATH} /usr/bin/python3 -W ignore:setup.py install is deprecated -W ignore:easy_install command is deprecated setup.py develop --editable --build-directory /home/pi/ros2_ws/src/sens_car_esp/build/sens_car_esp/build --no-deps symlink_data
[5.969s] Level 1:colcon.colcon_core.shell:create_environment_hook('sens_car_esp', 'pythonpath_develop')
[5.970s] INFO:colcon.colcon_core.shell:Creating environment hook '/home/pi/ros2_ws/src/sens_car_esp/build/sens_car_esp/share/sens_car_esp/hook/pythonpath_develop.ps1'
[5.970s] DEBUG:colcon.colcon_core.event_handler.log_command:Invoked command in '/home/pi/ros2_ws/src/sens_car_esp/build/sens_car_esp' returned '0': DEBUGINFOD_URLS=https://debuginfod.ubuntu.com PYTHONPATH=/home/pi/ros2_ws/src/sens_car_esp/build/sens_car_esp/prefix_override:/usr/lib/python3/dist-packages/colcon_core/task/python/colcon_distutils_commands:/home/pi/ros2_ws/src/sens_car_esp/install/sens_car_esp/lib/python3.12/site-packages:${PYTHONPATH} /usr/bin/python3 -W ignore:setup.py install is deprecated -W ignore:easy_install command is deprecated setup.py develop --editable --build-directory /home/pi/ros2_ws/src/sens_car_esp/build/sens_car_esp/build --no-deps symlink_data
[5.972s] INFO:colcon.colcon_core.shell:Creating environment descriptor '/home/pi/ros2_ws/src/sens_car_esp/build/sens_car_esp/share/sens_car_esp/hook/pythonpath_develop.dsv'
[5.978s] INFO:colcon.colcon_core.shell:Creating environment hook '/home/pi/ros2_ws/src/sens_car_esp/build/sens_car_esp/share/sens_car_esp/hook/pythonpath_develop.sh'
[5.998s] Level 1:colcon.colcon_core.environment:checking '/home/pi/ros2_ws/src/sens_car_esp/install/sens_car_esp' for CMake module files
[5.999s] Level 1:colcon.colcon_core.environment:checking '/home/pi/ros2_ws/src/sens_car_esp/install/sens_car_esp' for CMake config files
[6.001s] Level 1:colcon.colcon_core.environment:checking '/home/pi/ros2_ws/src/sens_car_esp/install/sens_car_esp/lib'
[6.002s] Level 1:colcon.colcon_core.environment:checking '/home/pi/ros2_ws/src/sens_car_esp/install/sens_car_esp/bin'
[6.002s] Level 1:colcon.colcon_core.environment:checking '/home/pi/ros2_ws/src/sens_car_esp/install/sens_car_esp/lib/pkgconfig/sens_car_esp.pc'
[6.002s] Level 1:colcon.colcon_core.environment:checking '/home/pi/ros2_ws/src/sens_car_esp/install/sens_car_esp/lib/python3.12/site-packages'
[6.002s] Level 1:colcon.colcon_core.shell:create_environment_hook('sens_car_esp', 'pythonpath')
[6.003s] INFO:colcon.colcon_core.shell:Creating environment hook '/home/pi/ros2_ws/src/sens_car_esp/install/sens_car_esp/share/sens_car_esp/hook/pythonpath.ps1'
[6.003s] INFO:colcon.colcon_core.shell:Creating environment descriptor '/home/pi/ros2_ws/src/sens_car_esp/install/sens_car_esp/share/sens_car_esp/hook/pythonpath.dsv'
[6.010s] INFO:colcon.colcon_core.shell:Creating environment hook '/home/pi/ros2_ws/src/sens_car_esp/install/sens_car_esp/share/sens_car_esp/hook/pythonpath.sh'
[6.011s] Level 1:colcon.colcon_core.environment:checking '/home/pi/ros2_ws/src/sens_car_esp/install/sens_car_esp/bin'
[6.011s] Level 1:colcon.colcon_core.environment:create_environment_scripts_only(sens_car_esp)
[6.012s] INFO:colcon.colcon_core.shell:Creating package script '/home/pi/ros2_ws/src/sens_car_esp/install/sens_car_esp/share/sens_car_esp/package.ps1'
[6.019s] INFO:colcon.colcon_core.shell:Creating package descriptor '/home/pi/ros2_ws/src/sens_car_esp/install/sens_car_esp/share/sens_car_esp/package.dsv'
[6.033s] INFO:colcon.colcon_core.shell:Creating package script '/home/pi/ros2_ws/src/sens_car_esp/install/sens_car_esp/share/sens_car_esp/package.sh'
[6.046s] INFO:colcon.colcon_core.shell:Creating package script '/home/pi/ros2_ws/src/sens_car_esp/install/sens_car_esp/share/sens_car_esp/package.bash'
[6.059s] INFO:colcon.colcon_core.shell:Creating package script '/home/pi/ros2_ws/src/sens_car_esp/install/sens_car_esp/share/sens_car_esp/package.zsh'
[6.072s] Level 1:colcon.colcon_core.environment:create_file_with_runtime_dependencies(/home/pi/ros2_ws/src/sens_car_esp/install/sens_car_esp/share/colcon-core/packages/sens_car_esp)
[6.079s] DEBUG:colcon.colcon_parallel_executor.executor.parallel:closing loop
[6.080s] DEBUG:colcon.colcon_parallel_executor.executor.parallel:loop closed
[6.080s] DEBUG:colcon.colcon_parallel_executor.executor.parallel:run_until_complete finished with '0'
[6.081s] DEBUG:colcon.colcon_core.event_reactor:joining thread
[6.106s] INFO:colcon.colcon_core.plugin_system:Skipping extension 'colcon_notification.desktop_notification.terminal_notifier': Not used on non-Darwin systems
[6.106s] INFO:colcon.colcon_core.plugin_system:Skipping extension 'colcon_notification.desktop_notification.win32': Not used on non-Windows systems
[6.106s] INFO:colcon.colcon_notification.desktop_notification:Sending desktop notification using 'notify2'
[6.157s] DEBUG:colcon.colcon_core.event_reactor:joined thread
[6.158s] INFO:colcon.colcon_core.shell:Creating prefix script '/home/pi/ros2_ws/src/sens_car_esp/install/local_setup.ps1'
[6.160s] INFO:colcon.colcon_core.shell:Creating prefix util module '/home/pi/ros2_ws/src/sens_car_esp/install/_local_setup_util_ps1.py'
[6.175s] INFO:colcon.colcon_core.shell:Creating prefix chain script '/home/pi/ros2_ws/src/sens_car_esp/install/setup.ps1'
[6.188s] INFO:colcon.colcon_core.shell:Creating prefix script '/home/pi/ros2_ws/src/sens_car_esp/install/local_setup.sh'
[6.202s] INFO:colcon.colcon_core.shell:Creating prefix util module '/home/pi/ros2_ws/src/sens_car_esp/install/_local_setup_util_sh.py'
[6.208s] INFO:colcon.colcon_core.shell:Creating prefix chain script '/home/pi/ros2_ws/src/sens_car_esp/install/setup.sh'
[6.216s] INFO:colcon.colcon_core.shell:Creating prefix script '/home/pi/ros2_ws/src/sens_car_esp/install/local_setup.bash'
[6.228s] INFO:colcon.colcon_core.shell:Creating prefix chain script '/home/pi/ros2_ws/src/sens_car_esp/install/setup.bash'
[6.241s] INFO:colcon.colcon_core.shell:Creating prefix script '/home/pi/ros2_ws/src/sens_car_esp/install/local_setup.zsh'
[6.254s] INFO:colcon.colcon_core.shell:Creating prefix chain script '/home/pi/ros2_ws/src/sens_car_esp/install/setup.zsh'
