[1.028s] DEBUG:colcon:Command line arguments: ['/usr/bin/colcon', 'build', '--symlink-install']
[1.028s] DEBUG:colcon:Parsed command line arguments: Namespace(log_base=None, log_level=None, verb_name='build', build_base='build', install_base='install', merge_install=False, symlink_install=True, test_result_base=None, continue_on_error=False, executor='parallel', parallel_workers=4, event_handlers=None, ignore_user_meta=False, metas=['./colcon.meta'], base_paths=['.'], packages_ignore=None, packages_ignore_regex=None, paths=None, packages_up_to=None, packages_up_to_regex=None, packages_above=None, packages_above_and_dependencies=None, packages_above_depth=None, packages_select_by_dep=None, packages_skip_by_dep=None, packages_skip_up_to=None, packages_select_build_failed=False, packages_skip_build_finished=False, packages_select_test_failures=False, packages_skip_test_passed=False, packages_select=None, packages_skip=None, packages_select_regex=None, packages_skip_regex=None, packages_start=None, packages_end=None, allow_overriding=[], cmake_args=None, cmake_target=None, cmake_target_skip_unavailable=False, cmake_clean_cache=False, cmake_clean_first=False, cmake_force_configure=False, meson_args=[], ament_cmake_args=None, catkin_cmake_args=None, catkin_skip_building_tests=False, mixin_files=None, mixin=None, verb_parser=<colcon_mixin.mixin.mixin_argument.MixinArgumentDecorator object at 0xffff9fc6dd00>, verb_extension=<colcon_core.verb.build.BuildVerb object at 0xffff9fc6d8e0>, main=<bound method BuildVerb.main of <colcon_core.verb.build.BuildVerb object at 0xffff9fc6d8e0>>, mixin_verb=('build',))
[1.247s] Level 1:colcon.colcon_core.package_discovery:discover_packages(colcon_meta) check parameters
[1.247s] Level 1:colcon.colcon_core.package_discovery:discover_packages(recursive) check parameters
[1.247s] Level 1:colcon.colcon_core.package_discovery:discover_packages(ignore) check parameters
[1.247s] Level 1:colcon.colcon_core.package_discovery:discover_packages(path) check parameters
[1.248s] Level 1:colcon.colcon_core.package_discovery:discover_packages(colcon_meta) discover
[1.248s] Level 1:colcon.colcon_core.package_discovery:discover_packages(recursive) discover
[1.248s] INFO:colcon.colcon_core.package_discovery:Crawling recursively for packages in '/home/pi/bno055_ros'
[1.248s] Level 1:colcon.colcon_core.package_identification:_identify(.) by extensions ['ignore', 'ignore_ament_install']
[1.249s] Level 1:colcon.colcon_core.package_identification:_identify(.) by extension 'ignore'
[1.249s] Level 1:colcon.colcon_core.package_identification:_identify(.) by extension 'ignore_ament_install'
[1.249s] Level 1:colcon.colcon_core.package_identification:_identify(.) by extensions ['colcon_pkg']
[1.249s] Level 1:colcon.colcon_core.package_identification:_identify(.) by extension 'colcon_pkg'
[1.250s] Level 1:colcon.colcon_core.package_identification:_identify(.) by extensions ['colcon_meta']
[1.250s] Level 1:colcon.colcon_core.package_identification:_identify(.) by extension 'colcon_meta'
[1.250s] Level 1:colcon.colcon_core.package_identification:_identify(.) by extensions ['ros']
[1.250s] Level 1:colcon.colcon_core.package_identification:_identify(.) by extension 'ros'
[1.414s] DEBUG:colcon.colcon_core.package_identification:Package '.' with type 'ros.ament_python' and name 'bno055_ros'
[1.414s] Level 1:colcon.colcon_core.package_discovery:discover_packages(recursive) using defaults
[1.414s] Level 1:colcon.colcon_core.package_discovery:discover_packages(ignore) discover
[1.414s] Level 1:colcon.colcon_core.package_discovery:discover_packages(ignore) using defaults
[1.415s] Level 1:colcon.colcon_core.package_discovery:discover_packages(path) discover
[1.415s] Level 1:colcon.colcon_core.package_discovery:discover_packages(path) using defaults
[1.505s] Level 1:colcon.colcon_core.package_discovery:discover_packages(prefix_path) check parameters
[1.505s] Level 1:colcon.colcon_core.package_discovery:discover_packages(prefix_path) discover
[1.541s] DEBUG:colcon.colcon_installed_package_information.package_discovery:Found 340 installed packages in /opt/ros/jazzy
[1.547s] Level 1:colcon.colcon_core.package_discovery:discover_packages(prefix_path) using defaults
[1.663s] Level 5:colcon.colcon_core.verb:set package 'bno055_ros' build argument 'cmake_args' from command line to 'None'
[1.663s] Level 5:colcon.colcon_core.verb:set package 'bno055_ros' build argument 'cmake_target' from command line to 'None'
[1.663s] Level 5:colcon.colcon_core.verb:set package 'bno055_ros' build argument 'cmake_target_skip_unavailable' from command line to 'False'
[1.663s] Level 5:colcon.colcon_core.verb:set package 'bno055_ros' build argument 'cmake_clean_cache' from command line to 'False'
[1.663s] Level 5:colcon.colcon_core.verb:set package 'bno055_ros' build argument 'cmake_clean_first' from command line to 'False'
[1.663s] Level 5:colcon.colcon_core.verb:set package 'bno055_ros' build argument 'cmake_force_configure' from command line to 'False'
[1.663s] Level 5:colcon.colcon_core.verb:set package 'bno055_ros' build argument 'meson_args' from command line to '[]'
[1.663s] Level 5:colcon.colcon_core.verb:set package 'bno055_ros' build argument 'ament_cmake_args' from command line to 'None'
[1.663s] Level 5:colcon.colcon_core.verb:set package 'bno055_ros' build argument 'catkin_cmake_args' from command line to 'None'
[1.663s] Level 5:colcon.colcon_core.verb:set package 'bno055_ros' build argument 'catkin_skip_building_tests' from command line to 'False'
[1.663s] DEBUG:colcon.colcon_core.verb:Building package 'bno055_ros' with the following arguments: {'ament_cmake_args': None, 'build_base': '/home/pi/bno055_ros/build/bno055_ros', 'catkin_cmake_args': None, 'catkin_skip_building_tests': False, 'cmake_args': None, 'cmake_clean_cache': False, 'cmake_clean_first': False, 'cmake_force_configure': False, 'cmake_target': None, 'cmake_target_skip_unavailable': False, 'install_base': '/home/pi/bno055_ros/install/bno055_ros', 'merge_install': False, 'meson_args': [], 'path': '/home/pi/bno055_ros', 'symlink_install': True, 'test_result_base': None}
[1.664s] INFO:colcon.colcon_core.executor:Executing jobs using 'parallel' executor
[1.665s] DEBUG:colcon.colcon_parallel_executor.executor.parallel:run_until_complete
[1.666s] INFO:colcon.colcon_ros.task.ament_python.build:Building ROS package in '/home/pi/bno055_ros' with build type 'ament_python'
[1.666s] Level 1:colcon.colcon_core.shell:create_environment_hook('bno055_ros', 'ament_prefix_path')
[1.678s] INFO:colcon.colcon_core.plugin_system:Skipping extension 'colcon_core.shell.bat': Not used on non-Windows systems
[1.678s] INFO:colcon.colcon_core.shell:Creating environment hook '/home/pi/bno055_ros/install/bno055_ros/share/bno055_ros/hook/ament_prefix_path.ps1'
[1.684s] INFO:colcon.colcon_core.shell:Creating environment descriptor '/home/pi/bno055_ros/install/bno055_ros/share/bno055_ros/hook/ament_prefix_path.dsv'
[1.698s] INFO:colcon.colcon_core.shell:Creating environment hook '/home/pi/bno055_ros/install/bno055_ros/share/bno055_ros/hook/ament_prefix_path.sh'
[1.711s] INFO:colcon.colcon_core.shell:Skip shell extension 'powershell' for command environment: Not usable outside of PowerShell
[1.711s] DEBUG:colcon.colcon_core.shell:Skip shell extension 'dsv' for command environment
[2.116s] INFO:colcon.colcon_core.task.python.build:Building Python package in '/home/pi/bno055_ros'
[2.116s] INFO:colcon.colcon_core.shell:Skip shell extension 'powershell' for command environment: Not usable outside of PowerShell
[2.116s] DEBUG:colcon.colcon_core.shell:Skip shell extension 'dsv' for command environment
[4.702s] DEBUG:colcon.colcon_core.event_handler.log_command:Invoking command in '/home/pi/bno055_ros/build/bno055_ros': DEBUGINFOD_URLS=https://debuginfod.ubuntu.com PYTHONPATH=/home/pi/bno055_ros/build/bno055_ros/prefix_override:/usr/lib/python3/dist-packages/colcon_core/task/python/colcon_distutils_commands:/home/pi/bno055_ros/install/bno055_ros/lib/python3.12/site-packages:${PYTHONPATH} /usr/bin/python3 -W ignore:setup.py install is deprecated -W ignore:easy_install command is deprecated setup.py develop --editable --build-directory /home/pi/bno055_ros/build/bno055_ros/build --no-deps symlink_data
[5.865s] Level 1:colcon.colcon_core.shell:create_environment_hook('bno055_ros', 'pythonpath_develop')
[5.866s] INFO:colcon.colcon_core.shell:Creating environment hook '/home/pi/bno055_ros/build/bno055_ros/share/bno055_ros/hook/pythonpath_develop.ps1'
[5.866s] DEBUG:colcon.colcon_core.event_handler.log_command:Invoked command in '/home/pi/bno055_ros/build/bno055_ros' returned '0': DEBUGINFOD_URLS=https://debuginfod.ubuntu.com PYTHONPATH=/home/pi/bno055_ros/build/bno055_ros/prefix_override:/usr/lib/python3/dist-packages/colcon_core/task/python/colcon_distutils_commands:/home/pi/bno055_ros/install/bno055_ros/lib/python3.12/site-packages:${PYTHONPATH} /usr/bin/python3 -W ignore:setup.py install is deprecated -W ignore:easy_install command is deprecated setup.py develop --editable --build-directory /home/pi/bno055_ros/build/bno055_ros/build --no-deps symlink_data
[5.868s] INFO:colcon.colcon_core.shell:Creating environment descriptor '/home/pi/bno055_ros/build/bno055_ros/share/bno055_ros/hook/pythonpath_develop.dsv'
[5.875s] INFO:colcon.colcon_core.shell:Creating environment hook '/home/pi/bno055_ros/build/bno055_ros/share/bno055_ros/hook/pythonpath_develop.sh'
[5.892s] Level 1:colcon.colcon_core.environment:checking '/home/pi/bno055_ros/install/bno055_ros' for CMake module files
[5.892s] Level 1:colcon.colcon_core.environment:checking '/home/pi/bno055_ros/install/bno055_ros' for CMake config files
[5.897s] Level 1:colcon.colcon_core.environment:checking '/home/pi/bno055_ros/install/bno055_ros/lib'
[5.897s] Level 1:colcon.colcon_core.environment:checking '/home/pi/bno055_ros/install/bno055_ros/bin'
[5.897s] Level 1:colcon.colcon_core.environment:checking '/home/pi/bno055_ros/install/bno055_ros/lib/pkgconfig/bno055_ros.pc'
[5.898s] Level 1:colcon.colcon_core.environment:checking '/home/pi/bno055_ros/install/bno055_ros/lib/python3.12/site-packages'
[5.898s] Level 1:colcon.colcon_core.shell:create_environment_hook('bno055_ros', 'pythonpath')
[5.898s] INFO:colcon.colcon_core.shell:Creating environment hook '/home/pi/bno055_ros/install/bno055_ros/share/bno055_ros/hook/pythonpath.ps1'
[5.899s] INFO:colcon.colcon_core.shell:Creating environment descriptor '/home/pi/bno055_ros/install/bno055_ros/share/bno055_ros/hook/pythonpath.dsv'
[5.905s] INFO:colcon.colcon_core.shell:Creating environment hook '/home/pi/bno055_ros/install/bno055_ros/share/bno055_ros/hook/pythonpath.sh'
[5.906s] Level 1:colcon.colcon_core.environment:checking '/home/pi/bno055_ros/install/bno055_ros/bin'
[5.906s] Level 1:colcon.colcon_core.environment:create_environment_scripts_only(bno055_ros)
[5.907s] INFO:colcon.colcon_core.shell:Creating package script '/home/pi/bno055_ros/install/bno055_ros/share/bno055_ros/package.ps1'
[5.913s] INFO:colcon.colcon_core.shell:Creating package descriptor '/home/pi/bno055_ros/install/bno055_ros/share/bno055_ros/package.dsv'
[5.925s] INFO:colcon.colcon_core.shell:Creating package script '/home/pi/bno055_ros/install/bno055_ros/share/bno055_ros/package.sh'
[5.938s] INFO:colcon.colcon_core.shell:Creating package script '/home/pi/bno055_ros/install/bno055_ros/share/bno055_ros/package.bash'
[5.950s] INFO:colcon.colcon_core.shell:Creating package script '/home/pi/bno055_ros/install/bno055_ros/share/bno055_ros/package.zsh'
[5.963s] Level 1:colcon.colcon_core.environment:create_file_with_runtime_dependencies(/home/pi/bno055_ros/install/bno055_ros/share/colcon-core/packages/bno055_ros)
[5.969s] DEBUG:colcon.colcon_parallel_executor.executor.parallel:closing loop
[5.969s] DEBUG:colcon.colcon_parallel_executor.executor.parallel:loop closed
[5.970s] DEBUG:colcon.colcon_parallel_executor.executor.parallel:run_until_complete finished with '0'
[5.970s] DEBUG:colcon.colcon_core.event_reactor:joining thread
[5.994s] INFO:colcon.colcon_core.plugin_system:Skipping extension 'colcon_notification.desktop_notification.terminal_notifier': Not used on non-Darwin systems
[5.995s] INFO:colcon.colcon_core.plugin_system:Skipping extension 'colcon_notification.desktop_notification.win32': Not used on non-Windows systems
[5.995s] INFO:colcon.colcon_notification.desktop_notification:Sending desktop notification using 'notify2'
[6.051s] DEBUG:colcon.colcon_core.event_reactor:joined thread
[6.051s] INFO:colcon.colcon_core.shell:Creating prefix script '/home/pi/bno055_ros/install/local_setup.ps1'
[6.056s] INFO:colcon.colcon_core.shell:Creating prefix util module '/home/pi/bno055_ros/install/_local_setup_util_ps1.py'
[6.118s] INFO:colcon.colcon_core.shell:Creating prefix chain script '/home/pi/bno055_ros/install/setup.ps1'
[6.148s] INFO:colcon.colcon_core.shell:Creating prefix script '/home/pi/bno055_ros/install/local_setup.sh'
[6.183s] INFO:colcon.colcon_core.shell:Creating prefix util module '/home/pi/bno055_ros/install/_local_setup_util_sh.py'
[6.185s] INFO:colcon.colcon_core.shell:Creating prefix chain script '/home/pi/bno055_ros/install/setup.sh'
[6.236s] INFO:colcon.colcon_core.shell:Creating prefix script '/home/pi/bno055_ros/install/local_setup.bash'
[6.277s] INFO:colcon.colcon_core.shell:Creating prefix chain script '/home/pi/bno055_ros/install/setup.bash'
[6.290s] INFO:colcon.colcon_core.shell:Creating prefix script '/home/pi/bno055_ros/install/local_setup.zsh'
[6.303s] INFO:colcon.colcon_core.shell:Creating prefix chain script '/home/pi/bno055_ros/install/setup.zsh'
