[1.581s] Invoking command in '/home/pi/bno055_ros/build/bno055_ros': DEBUGINFOD_URLS=https://debuginfod.ubuntu.com PYTHONPATH=/home/pi/bno055_ros/build/bno055_ros/prefix_override:/usr/lib/python3/dist-packages/colcon_core/task/python/colcon_distutils_commands:/home/pi/bno055_ros/install/bno055_ros/lib/python3.12/site-packages:${PYTHONPATH} /usr/bin/python3 -W ignore:setup.py install is deprecated -W ignore:easy_install command is deprecated setup.py develop --editable --build-directory /home/pi/bno055_ros/build/bno055_ros/build --no-deps symlink_data
[2.187s] running develop
[2.663s] running egg_info
[2.663s] creating bno055_ros.egg-info
[2.693s] writing bno055_ros.egg-info/PKG-INFO
[2.694s] writing dependency_links to bno055_ros.egg-info/dependency_links.txt
[2.694s] writing entry points to bno055_ros.egg-info/entry_points.txt
[2.694s] writing requirements to bno055_ros.egg-info/requires.txt
[2.695s] writing top-level names to bno055_ros.egg-info/top_level.txt
[2.695s] writing manifest file 'bno055_ros.egg-info/SOURCES.txt'
[2.788s] reading manifest file 'bno055_ros.egg-info/SOURCES.txt'
[2.789s] writing manifest file 'bno055_ros.egg-info/SOURCES.txt'
[2.823s] running build_ext
[2.824s] Creating /home/pi/bno055_ros/install/bno055_ros/lib/python3.12/site-packages/bno055-ros.egg-link (link to .)
[2.825s] Installing BNO script to /home/pi/bno055_ros/install/bno055_ros/lib/bno055_ros
[2.825s] 
[2.825s] Installed /home/pi/bno055_ros/build/bno055_ros
[2.826s] running symlink_data
[2.826s] creating /home/pi/bno055_ros/install/bno055_ros/share/ament_index
[2.826s] creating /home/pi/bno055_ros/install/bno055_ros/share/ament_index/resource_index
[2.826s] creating /home/pi/bno055_ros/install/bno055_ros/share/ament_index/resource_index/packages
[2.826s] symbolically linking /home/pi/bno055_ros/build/bno055_ros/resource/bno055_ros -> /home/pi/bno055_ros/install/bno055_ros/share/ament_index/resource_index/packages
[2.827s] symbolically linking /home/pi/bno055_ros/build/bno055_ros/package.xml -> /home/pi/bno055_ros/install/bno055_ros/share/bno055_ros
[2.998s] Invoked command in '/home/pi/bno055_ros/build/bno055_ros' returned '0': DEBUGINFOD_URLS=https://debuginfod.ubuntu.com PYTHONPATH=/home/pi/bno055_ros/build/bno055_ros/prefix_override:/usr/lib/python3/dist-packages/colcon_core/task/python/colcon_distutils_commands:/home/pi/bno055_ros/install/bno055_ros/lib/python3.12/site-packages:${PYTHONPATH} /usr/bin/python3 -W ignore:setup.py install is deprecated -W ignore:easy_install command is deprecated setup.py develop --editable --build-directory /home/pi/bno055_ros/build/bno055_ros/build --no-deps symlink_data
